<?xml version="1.0" encoding="UTF-8"?>
<testsuite name="dev.stormery.AppTest" tests="1" skipped="0" failures="0" errors="0" timestamp="2018-06-21T19:39:20" hostname="Hive" time="0.001">
  <properties/>
  <testcase name="testApp" classname="dev.stormery.AppTest" time="0.001"/>
  <system-out><![CDATA[]]></system-out>
  <system-err><![CDATA[]]></system-err>
</testsuite>
